[33m❯[39m Building...
[32m✔[39m Building...
[35mBrowser bundles[39m     
[1mInitial chunk files[22m [2m | [22m[1mNames[22m           [2m | [22m [1mRaw size[22m[2m | [22m[1mEstimated transfer size[22m
[32mmain-T5NL2P3I.js[39m    [2m | [22m[2mmain[22m            [2m | [22m[36m360.43 kB[39m[2m | [22m               [36m86.69 kB[39m
[32mstyles-5INURTSO.css[39m [2m | [22m[2mstyles[22m          [2m | [22m  [36m0 bytes[39m[2m | [22m                [36m0 bytes[39m

[1m [22m                   [2m | [22m[1mInitial total[22m   [2m | [22m[1m360.43 kB[22m[2m | [22m               [1m86.69 kB[22m


[35mServer bundles[39m      
[1mInitial chunk files[22m [2m | [22m[1mNames[22m           [2m | [22m [1mRaw size[22m
[32mserver.mjs[39m          [2m | [22m[2mserver[22m          [2m | [22m[36m811.98 kB[39m[2m | [22m                       
[32mmain.server.mjs[39m     [2m | [22m[2mmain.server[22m     [2m | [22m[36m799.03 kB[39m[2m | [22m                       
[32mpolyfills.server.mjs[39m[2m | [22m[2mpolyfills.server[22m[2m | [22m[36m233.73 kB[39m[2m | [22m                       
[32mchunk-BBJ2OP3G.mjs[39m  [2m | [22m[2m-[22m               [2m | [22m  [36m1.34 kB[39m[2m | [22m                       
[32mchunk-T55IDOPT.mjs[39m  [2m | [22m[2m-[22m               [2m | [22m[36m976 bytes[39m[2m | [22m                       

[1mLazy chunk files[22m    [2m | [22m[1mNames[22m           [2m | [22m [1mRaw size[22m
[32mchunk-BP7AI3FB.mjs[39m  [2m | [22m[2mxhr2[22m            [2m | [22m [36m12.17 kB[39m[2m | [22m                       
[32mchunk-N3SI5I4Q.mjs[39m  [2m | [22m[2mxhr2[22m            [2m | [22m [36m12.07 kB[39m[2m | [22m                       

[35mPrerendered 0 static routes.[39m
Application bundle generation failed. [4.069 seconds] - 2026-04-05T17:22:18.378Z

[1m[33m[33m▲ [43;33m[[43;30mWARNING[43;33m][0m [1mcss-inline-fonts:https://fonts.googleapis.com/css2?family=Inter:wght@300;400;500;600&display=swap exceeded maximum budget. Budget 4.00 kB was not met by 8.85 kB with a total of 12.85 kB.[0m


[33m▲ [43;33m[[43;30mWARNING[43;33m][0m [1mcss-inline-fonts:https://fonts.googleapis.com/css2?family=Inter:wght@400;500;600;700&display=swap exceeded maximum budget. Budget 4.00 kB was not met by 6.56 kB with a total of 10.56 kB.[0m


[33m▲ [43;33m[[43;30mWARNING[43;33m][0m [1mcss-inline-fonts:https://fonts.googleapis.com/css2?family=Inter:wght@300;400;500;600&display=swap exceeded maximum budget. Budget 4.00 kB was not met by 8.81 kB with a total of 12.81 kB.[0m

[39m[22m
[1m[31m[31mX [41;31m[[41;97mERROR[41;31m][0m [1mcss-inline-fonts:https://fonts.googleapis.com/css2?family=Inter:wght@300;400;500;600&display=swap exceeded maximum budget. Budget 8.00 kB was not met by 4.85 kB with a total of 12.85 kB.[0m


[31mX [41;31m[[41;97mERROR[41;31m][0m [1mcss-inline-fonts:https://fonts.googleapis.com/css2?family=Inter:wght@400;500;600;700&display=swap exceeded maximum budget. Budget 8.00 kB was not met by 2.56 kB with a total of 10.56 kB.[0m


[31mX [41;31m[[41;97mERROR[41;31m][0m [1mcss-inline-fonts:https://fonts.googleapis.com/css2?family=Inter:wght@300;400;500;600&display=swap exceeded maximum budget. Budget 8.00 kB was not met by 4.81 kB with a total of 12.81 kB.[0m

[39m[22m
